<?xml version="1.0" encoding="UTF-8"?>
<!-- Generated by org.testng.reporters.JUnitReportReporter -->
<testsuite hostname="Ganesh" failures="0" tests="6" name="Hero_Hub.PracticalBike.Test.LoginPageTest" time="13.261" errors="3" timestamp="2024-12-06T16:12:43 IST" skipped="3">
  <testcase classname="Hero_Hub.PracticalBike.Test.LoginPageTest" name="afterClass" time="0.588">
    <error message="Cannot invoke &quot;org.openqa.selenium.WebDriver.get(String)&quot; because &quot;Hero_Hub.Utility.BaseTest.driver&quot; is null" type="java.lang.NullPointerException">
      <![CDATA[java.lang.NullPointerException: Cannot invoke "org.openqa.selenium.WebDriver.get(String)" because "Hero_Hub.Utility.BaseTest.driver" is null
at Hero_Hub.Utility.BaseTest.reloadBrowser(BaseTest.java:136)
at Hero_Hub.Utility.BaseTest.afterClass(BaseTest.java:79)
at java.base/jdk.internal.reflect.DirectMethodHandleAccessor.invoke(DirectMethodHandleAccessor.java:103)
at java.base/java.lang.reflect.Method.invoke(Method.java:580)
at org.testng.internal.invokers.MethodInvocationHelper.invokeMethod(MethodInvocationHelper.java:139)
at org.testng.internal.invokers.MethodInvocationHelper.invokeMethodConsideringTimeout(MethodInvocationHelper.java:69)
at org.testng.internal.invokers.ConfigInvoker.invokeConfigurationMethod(ConfigInvoker.java:361)
at org.testng.internal.invokers.ConfigInvoker.invokeConfigurations(ConfigInvoker.java:296)
at org.testng.internal.invokers.TestMethodWorker.invokeAfterClassMethods(TestMethodWorker.java:222)
at org.testng.internal.invokers.TestMethodWorker.run(TestMethodWorker.java:131)
at java.base/java.util.ArrayList.forEach(ArrayList.java:1596)
at org.testng.TestRunner.privateRun(TestRunner.java:806)
at org.testng.TestRunner.run(TestRunner.java:601)
at org.testng.SuiteRunner.runTest(SuiteRunner.java:433)
at org.testng.SuiteRunner.runSequentially(SuiteRunner.java:427)
at org.testng.SuiteRunner.privateRun(SuiteRunner.java:387)
at org.testng.SuiteRunner.run(SuiteRunner.java:330)
at org.testng.SuiteRunnerWorker.runSuite(SuiteRunnerWorker.java:52)
at org.testng.SuiteRunnerWorker.run(SuiteRunnerWorker.java:95)
at org.testng.TestNG.runSuitesSequentially(TestNG.java:1256)
at org.testng.TestNG.runSuitesLocally(TestNG.java:1176)
at org.testng.TestNG.runSuites(TestNG.java:1099)
at org.testng.TestNG.run(TestNG.java:1067)
at org.testng.remote.AbstractRemoteTestNG.run(AbstractRemoteTestNG.java:115)
at org.testng.remote.RemoteTestNG.initAndRun(RemoteTestNG.java:251)
at org.testng.remote.RemoteTestNG.main(RemoteTestNG.java:77)
]]>
    </error>
  </testcase> <!-- afterClass -->
  <system-out/>
  <testcase classname="Hero_Hub.PracticalBike.Test.LoginPageTest" name="tearDown" time="0.535">
    <error message="Cannot invoke &quot;org.openqa.selenium.WebDriver.close()&quot; because &quot;Hero_Hub.Utility.BaseTest.driver&quot; is null" type="java.lang.NullPointerException">
      <![CDATA[java.lang.NullPointerException: Cannot invoke "org.openqa.selenium.WebDriver.close()" because "Hero_Hub.Utility.BaseTest.driver" is null
at Hero_Hub.Utility.BaseTest.tearDown(BaseTest.java:89)
at java.base/jdk.internal.reflect.DirectMethodHandleAccessor.invoke(DirectMethodHandleAccessor.java:103)
at java.base/java.lang.reflect.Method.invoke(Method.java:580)
at org.testng.internal.invokers.MethodInvocationHelper.invokeMethod(MethodInvocationHelper.java:139)
at org.testng.internal.invokers.MethodInvocationHelper.invokeMethodConsideringTimeout(MethodInvocationHelper.java:69)
at org.testng.internal.invokers.ConfigInvoker.invokeConfigurationMethod(ConfigInvoker.java:361)
at org.testng.internal.invokers.ConfigInvoker.invokeConfigurations(ConfigInvoker.java:296)
at org.testng.TestRunner.invokeTestConfigurations(TestRunner.java:643)
at org.testng.TestRunner.afterRun(TestRunner.java:891)
at org.testng.TestRunner.run(TestRunner.java:604)
at org.testng.SuiteRunner.runTest(SuiteRunner.java:433)
at org.testng.SuiteRunner.runSequentially(SuiteRunner.java:427)
at org.testng.SuiteRunner.privateRun(SuiteRunner.java:387)
at org.testng.SuiteRunner.run(SuiteRunner.java:330)
at org.testng.SuiteRunnerWorker.runSuite(SuiteRunnerWorker.java:52)
at org.testng.SuiteRunnerWorker.run(SuiteRunnerWorker.java:95)
at org.testng.TestNG.runSuitesSequentially(TestNG.java:1256)
at org.testng.TestNG.runSuitesLocally(TestNG.java:1176)
at org.testng.TestNG.runSuites(TestNG.java:1099)
at org.testng.TestNG.run(TestNG.java:1067)
at org.testng.remote.AbstractRemoteTestNG.run(AbstractRemoteTestNG.java:115)
at org.testng.remote.RemoteTestNG.initAndRun(RemoteTestNG.java:251)
at org.testng.remote.RemoteTestNG.main(RemoteTestNG.java:77)
]]>
    </error>
  </testcase> <!-- tearDown -->
  <system-out/>
  <testcase classname="Hero_Hub.PracticalBike.Test.LoginPageTest" name="LP_TC_001_Verify_Mandatory_Field" time="0.001">
    <skipped/>
  </testcase> <!-- LP_TC_001_Verify_Mandatory_Field -->
  <system-out/>
  <testcase classname="Hero_Hub.PracticalBike.Test.LoginPageTest" name="configureAppium" time="12.137">
    <error message="Unable to obtain: Capabilities {browserName: chrome, goog:chromeOptions: {args: [--remote-allow-origins=*, --disable-blink-features=Au..., --incognito, disable-infobars, disable-extensions, disable-gpu, disable-dev-shm-usage, no-sandbox, disable-notifications, --force-device-scale-factor...], excludeSwitches: [enable-automation], extensions: [], prefs: {profile: {managed_default_content_settings: {geolocation: 1, media_stream: 1, notifications: 2}}}}}, error Command failed with code: -1073740791, executed: [--browser, chrome, --output, json]
thread &#039;main&#039; panicked at &#039;called `Result::unwrap()` on an `Err` value: Os { code: 5, kind: PermissionDenied, message: &quot;Access is denied.&quot; }&#039;, src\metadata.rs:168:6
note: run with `RUST_BACKTRACE=1` environment variable to display a backtrace
" type="org.openqa.selenium.remote.NoSuchDriverException">
      <![CDATA[org.openqa.selenium.remote.NoSuchDriverException: Unable to obtain: Capabilities {browserName: chrome, goog:chromeOptions: {args: [--remote-allow-origins=*, --disable-blink-features=Au..., --incognito, disable-infobars, disable-extensions, disable-gpu, disable-dev-shm-usage, no-sandbox, disable-notifications, --force-device-scale-factor...], excludeSwitches: [enable-automation], extensions: [], prefs: {profile: {managed_default_content_settings: {geolocation: 1, media_stream: 1, notifications: 2}}}}}, error Command failed with code: -1073740791, executed: [--browser, chrome, --output, json]
thread 'main' panicked at 'called `Result::unwrap()` on an `Err` value: Os { code: 5, kind: PermissionDenied, message: "Access is denied." }', src\metadata.rs:168:6
note: run with `RUST_BACKTRACE=1` environment variable to display a backtrace

at org.openqa.selenium.remote.service.DriverFinder.getPath(DriverFinder.java:25)
at org.openqa.selenium.remote.service.DriverFinder.getPath(DriverFinder.java:13)
at org.openqa.selenium.chrome.ChromeDriver.generateExecutor(ChromeDriver.java:99)
at org.openqa.selenium.chrome.ChromeDriver.<init>(ChromeDriver.java:88)
at org.openqa.selenium.chrome.ChromeDriver.<init>(ChromeDriver.java:83)
at org.openqa.selenium.chrome.ChromeDriver.<init>(ChromeDriver.java:72)
at Hero_Hub.Utility.BaseTest.launchBrowser(BaseTest.java:122)
at Hero_Hub.Utility.BaseTest.configureAppium(BaseTest.java:42)
at java.base/jdk.internal.reflect.DirectMethodHandleAccessor.invoke(DirectMethodHandleAccessor.java:103)
at java.base/java.lang.reflect.Method.invoke(Method.java:580)
at org.testng.internal.invokers.MethodInvocationHelper.invokeMethod(MethodInvocationHelper.java:139)
at org.testng.internal.invokers.MethodInvocationHelper.invokeMethodConsideringTimeout(MethodInvocationHelper.java:69)
at org.testng.internal.invokers.ConfigInvoker.invokeConfigurationMethod(ConfigInvoker.java:361)
at org.testng.internal.invokers.ConfigInvoker.invokeConfigurations(ConfigInvoker.java:296)
at org.testng.TestRunner.invokeTestConfigurations(TestRunner.java:643)
at org.testng.TestRunner.beforeRun(TestRunner.java:632)
at org.testng.TestRunner.run(TestRunner.java:594)
at org.testng.SuiteRunner.runTest(SuiteRunner.java:433)
at org.testng.SuiteRunner.runSequentially(SuiteRunner.java:427)
at org.testng.SuiteRunner.privateRun(SuiteRunner.java:387)
at org.testng.SuiteRunner.run(SuiteRunner.java:330)
at org.testng.SuiteRunnerWorker.runSuite(SuiteRunnerWorker.java:52)
at org.testng.SuiteRunnerWorker.run(SuiteRunnerWorker.java:95)
at org.testng.TestNG.runSuitesSequentially(TestNG.java:1256)
at org.testng.TestNG.runSuitesLocally(TestNG.java:1176)
at org.testng.TestNG.runSuites(TestNG.java:1099)
at org.testng.TestNG.run(TestNG.java:1067)
at org.testng.remote.AbstractRemoteTestNG.run(AbstractRemoteTestNG.java:115)
at org.testng.remote.RemoteTestNG.initAndRun(RemoteTestNG.java:251)
at org.testng.remote.RemoteTestNG.main(RemoteTestNG.java:77)
Caused by: org.openqa.selenium.WebDriverException: Command failed with code: -1073740791, executed: [--browser, chrome, --output, json]
thread 'main' panicked at 'called `Result::unwrap()` on an `Err` value: Os { code: 5, kind: PermissionDenied, message: "Access is denied." }', src\metadata.rs:168:6
note: run with `RUST_BACKTRACE=1` environment variable to display a backtrace

at org.openqa.selenium.manager.SeleniumManager.runCommand(SeleniumManager.java:138)
at org.openqa.selenium.manager.SeleniumManager.getDriverPath(SeleniumManager.java:289)
at org.openqa.selenium.remote.service.DriverFinder.getPath(DriverFinder.java:22)
... 29 more
Caused by: org.openqa.selenium.json.JsonException: Unable to parse: thread 'main' panicked at 'called `Result::unwrap()` on an `Err` value: Os { code: 5, kind: PermissionDenied, message: "Access is denied." }', src\metadata.rs:168:6
note: run with `RUST_BACKTRACE=1` environment variable to display a backtrace

at org.openqa.selenium.json.Json.toType(Json.java:169)
at org.openqa.selenium.json.Json.toType(Json.java:152)
at org.openqa.selenium.manager.SeleniumManager.runCommand(SeleniumManager.java:130)
... 31 more
Caused by: org.openqa.selenium.json.JsonException: Expected to read a START_MAP but instead have: BOOLEAN. Last 0 characters read: 
Build info: version: '4.12.0', revision: '249f2a7d1b*'
System info: os.name: 'Windows 11', os.arch: 'amd64', os.version: '10.0', java.version: '21.0.2'
Driver info: driver.version: ChromeDriver
at org.openqa.selenium.json.JsonInput.expect(JsonInput.java:443)
at org.openqa.selenium.json.JsonInput.beginObject(JsonInput.java:331)
at org.openqa.selenium.json.InstanceCoercer.lambda$apply$0(InstanceCoercer.java:76)
at org.openqa.selenium.json.JsonTypeCoercer.lambda$buildCoercer$6(JsonTypeCoercer.java:174)
at org.openqa.selenium.json.JsonTypeCoercer.coerce(JsonTypeCoercer.java:149)
at org.openqa.selenium.json.Json.toType(Json.java:206)
at org.openqa.selenium.json.Json.toType(Json.java:167)
... 33 more
]]>
    </error>
  </testcase> <!-- configureAppium -->
  <system-out/>
  <testcase classname="Hero_Hub.PracticalBike.Test.LoginPageTest" name="LP_TC_003_Verify_Login">
    <skipped/>
  </testcase> <!-- LP_TC_003_Verify_Login -->
  <system-out/>
  <testcase classname="Hero_Hub.PracticalBike.Test.LoginPageTest" name="LP_TC_002_Verify_Signup_Option">
    <skipped/>
  </testcase> <!-- LP_TC_002_Verify_Signup_Option -->
  <system-out/>
</testsuite> <!-- Hero_Hub.PracticalBike.Test.LoginPageTest -->
