<?xml version="1.0" encoding="UTF-8"?>
<!-- Generated by org.testng.reporters.JUnitReportReporter -->
<testsuite hostname="Ganesh" failures="0" tests="2" name="com.BuyingJourney.TC_LoginPage" time="0.327" errors="0" timestamp="2026-07-31T15:49:57 IST" skipped="1">
  <testcase classname="com.BuyingJourney.TC_LoginPage" name="testLoginDataProvider_check" time="0.327"/>
  <system-out/>
  <testcase classname="com.BuyingJourney.TC_LoginPage" name="testLoginExcelTestData_check">
    <skipped/>
  </testcase> <!-- testLoginExcelTestData_check -->
  <system-out/>
</testsuite> <!-- com.BuyingJourney.TC_LoginPage -->
