<?xml version="1.0" encoding="UTF-8"?>
<!-- Generated by org.testng.reporters.JUnitReportReporter -->
<testsuite hostname="Ganesh" failures="0" tests="5" name="Hero_Hub.PracticalBike.Test.AllBikeHomeTest" time="0.020" errors="1" timestamp="2024-12-06T16:12:43 IST" skipped="4">
  <testcase classname="Hero_Hub.PracticalBike.Test.AllBikeHomeTest" name="afterClass" time="0.006">
    <error message="Cannot invoke &quot;org.openqa.selenium.WebDriver.get(String)&quot; because &quot;Hero_Hub.Utility.BaseTest.driver&quot; is null" type="java.lang.NullPointerException">
      <![CDATA[java.lang.NullPointerException: Cannot invoke "org.openqa.selenium.WebDriver.get(String)" because "Hero_Hub.Utility.BaseTest.driver" is null
at Hero_Hub.Utility.BaseTest.reloadBrowser(BaseTest.java:136)
at Hero_Hub.Utility.BaseTest.afterClass(BaseTest.java:79)
at java.base/jdk.internal.reflect.DirectMethodHandleAccessor.invoke(DirectMethodHandleAccessor.java:103)
at java.base/java.lang.reflect.Method.invoke(Method.java:580)
at org.testng.internal.invokers.MethodInvocationHelper.invokeMethod(MethodInvocationHelper.java:139)
at org.testng.internal.invokers.MethodInvocationHelper.invokeMethodConsideringTimeout(MethodInvocationHelper.java:69)
at org.testng.internal.invokers.ConfigInvoker.invokeConfigurationMethod(ConfigInvoker.java:361)
at org.testng.internal.invokers.ConfigInvoker.invokeConfigurations(ConfigInvoker.java:296)
at org.testng.internal.invokers.TestMethodWorker.invokeAfterClassMethods(TestMethodWorker.java:222)
at org.testng.internal.invokers.TestMethodWorker.run(TestMethodWorker.java:131)
at java.base/java.util.ArrayList.forEach(ArrayList.java:1596)
at org.testng.TestRunner.privateRun(TestRunner.java:806)
at org.testng.TestRunner.run(TestRunner.java:601)
at org.testng.SuiteRunner.runTest(SuiteRunner.java:433)
at org.testng.SuiteRunner.runSequentially(SuiteRunner.java:427)
at org.testng.SuiteRunner.privateRun(SuiteRunner.java:387)
at org.testng.SuiteRunner.run(SuiteRunner.java:330)
at org.testng.SuiteRunnerWorker.runSuite(SuiteRunnerWorker.java:52)
at org.testng.SuiteRunnerWorker.run(SuiteRunnerWorker.java:95)
at org.testng.TestNG.runSuitesSequentially(TestNG.java:1256)
at org.testng.TestNG.runSuitesLocally(TestNG.java:1176)
at org.testng.TestNG.runSuites(TestNG.java:1099)
at org.testng.TestNG.run(TestNG.java:1067)
at org.testng.remote.AbstractRemoteTestNG.run(AbstractRemoteTestNG.java:115)
at org.testng.remote.RemoteTestNG.initAndRun(RemoteTestNG.java:251)
at org.testng.remote.RemoteTestNG.main(RemoteTestNG.java:77)
]]>
    </error>
  </testcase> <!-- afterClass -->
  <system-out/>
  <testcase classname="Hero_Hub.PracticalBike.Test.AllBikeHomeTest" name="BH_TC_001_Verify_All_Practical_Bike" time="0.007">
    <skipped/>
  </testcase> <!-- BH_TC_001_Verify_All_Practical_Bike -->
  <system-out/>
  <testcase classname="Hero_Hub.PracticalBike.Test.AllBikeHomeTest" name="BH_TC_002_Verify_All_ExcutiveBike" time="0.007">
    <skipped/>
  </testcase> <!-- BH_TC_002_Verify_All_ExcutiveBike -->
  <system-out/>
  <testcase classname="Hero_Hub.PracticalBike.Test.AllBikeHomeTest" name="BH_TC_003_Verify_All_PerformanceBike" time="0.000">
    <skipped/>
  </testcase> <!-- BH_TC_003_Verify_All_PerformanceBike -->
  <system-out/>
  <testcase classname="Hero_Hub.PracticalBike.Test.AllBikeHomeTest" name="BH_TC_000_Verify_Login">
    <skipped/>
  </testcase> <!-- BH_TC_000_Verify_Login -->
  <system-out/>
</testsuite> <!-- Hero_Hub.PracticalBike.Test.AllBikeHomeTest -->
