<?xml version="1.0" encoding="UTF-8"?>
<!-- Generated by org.testng.reporters.JUnitXMLReporter -->
<testsuite ignored="2" hostname="Ganesh" failures="0" tests="2" name="Test" time="23.695" errors="0" timestamp="2026-08-01T18:24:59 IST">
  <testcase classname="com.orangeHRMTest.TC_loginTestUsingDataProvider" name="loginVerificationRun" time="1.185"/>
  <testcase classname="com.orangeHRMTest.TC_LoginPageExcelData" name="testLoginExcelTestData_check" time="7.892"/>
  <testcase classname="OrangeHRM.Utility.BaseTest" name="@AfterSuite tearDownSuite" time="0.0">
    <ignored/>
  </testcase> <!-- @AfterSuite tearDownSuite -->
  <testcase classname="OrangeHRM.Utility.BaseTest" name="@BeforeSuite setupSuite" time="0.0">
    <ignored/>
  </testcase> <!-- @BeforeSuite setupSuite -->
</testsuite> <!-- Test -->
