<?xml version="1.0" encoding="UTF-8"?>
<!-- Generated by org.testng.reporters.JUnitXMLReporter -->
<testsuite ignored="2" hostname="Ganesh" failures="1" tests="3" name="Test" time="23.664" errors="0" timestamp="2026-08-01T14:36:13 IST">
  <testcase classname="com.orangeHRMTest.TC_loginTestUsingDataProvider" name="loginVerificationRun" time="0.715"/>
  <testcase classname="com.orangeHRMTest.TC_LoginPageExcelData" name="testLoginExcelTestData_check" time="1.088"/>
  <testcase classname="com.orangeHRMTest.TC_LoginPageExcelData" name="testLoginWithDifferentUser_check" time="0.014">
    <failure type="java.lang.NullPointerException" message="Cannot invoke &amp;quot;org.apache.poi.xssf.usermodel.XSSFRow.getCell(int)&amp;quot; because the return value of &amp;quot;org.apache.poi.xssf.usermodel.XSSFSheet.getRow(int)&amp;quot; is null">
      <![CDATA[java.lang.NullPointerException: Cannot invoke "org.apache.poi.xssf.usermodel.XSSFRow.getCell(int)" because the return value of "org.apache.poi.xssf.usermodel.XSSFSheet.getRow(int)" is null
at OrangeHRM.Utility.Library.getExcelData(Library.java:128)
at OrangeHRM.ExcelDataProvider.excelTestData.<init>(excelTestData.java:12)
at com.orangeHRMTest.TC_LoginPageExcelData.testLoginWithDifferentUser_check(TC_LoginPageExcelData.java:22)
at java.base/java.util.ArrayList.forEach(ArrayList.java:1596)
... Removed 25 stack frames]]>
    </failure>
  </testcase> <!-- testLoginWithDifferentUser_check -->
  <testcase classname="OrangeHRM.Utility.BaseTest" name="@BeforeSuite setupSuite" time="0.0">
    <ignored/>
  </testcase> <!-- @BeforeSuite setupSuite -->
  <testcase classname="OrangeHRM.Utility.BaseTest" name="@AfterSuite tearDownSuite" time="0.0">
    <ignored/>
  </testcase> <!-- @AfterSuite tearDownSuite -->
</testsuite> <!-- Test -->
