<?xml version="1.0" encoding="UTF-8"?>
<testng-results ignored="2" total="5" passed="2" failed="1" skipped="0">
  <reporter-output>
  </reporter-output>
  <suite started-at="2026-08-01T14:35:49 IST" name="Suite" finished-at="2026-08-01T14:36:13 IST" duration-ms="23664">
    <groups>
    </groups>
    <test started-at="2026-08-01T14:35:49 IST" name="Test" finished-at="2026-08-01T14:36:13 IST" duration-ms="23664">
      <class name="com.orangeHRMTest.TC_loginTestUsingDataProvider">
        <test-method is-config="true" signature="setupSuite()[pri:0, instance:com.orangeHRMTest.TC_loginTestUsingDataProvider@5553d0f5]" started-at="2026-08-01T14:35:49 IST" name="setupSuite" finished-at="2026-08-01T14:35:49 IST" duration-ms="124" status="PASS">
          <reporter-output>
          </reporter-output>
        </test-method> <!-- setupSuite -->
        <test-method is-config="true" signature="beforeClass()[pri:0, instance:com.orangeHRMTest.TC_loginTestUsingDataProvider@5553d0f5]" started-at="2026-08-01T14:35:49 IST" name="beforeClass" finished-at="2026-08-01T14:35:49 IST" duration-ms="1" status="PASS">
          <reporter-output>
          </reporter-output>
        </test-method> <!-- beforeClass -->
        <test-method is-config="true" signature="getObject()[pri:0, instance:com.orangeHRMTest.TC_loginTestUsingDataProvider@5553d0f5]" started-at="2026-08-01T14:35:50 IST" name="getObject" finished-at="2026-08-01T14:35:50 IST" duration-ms="46" status="PASS">
          <reporter-output>
          </reporter-output>
        </test-method> <!-- getObject -->
        <test-method is-config="true" signature="beforeMethod(java.lang.reflect.Method,org.testng.ITestResult)[pri:0, instance:com.orangeHRMTest.TC_loginTestUsingDataProvider@5553d0f5]" started-at="2026-08-01T14:35:50 IST" name="beforeMethod" finished-at="2026-08-01T14:35:56 IST" duration-ms="6351" status="PASS">
          <params>
            <param index="0">
              <value>
                <![CDATA[public void com.orangeHRMTest.TC_loginTestUsingDataProvider.loginVerificationRun(java.lang.String,java.lang.String)]]>
              </value>
            </param>
            <param index="1">
              <value>
                <![CDATA[[TestResult name={null} status=CREATED method=TC_loginTestUsingDataProvider.loginVerificationRun(java.lang.String,java.lang.String)[pri:0, instance:com.orangeHRMTest.TC_loginTestUsingDataProvider@5553d0f5] output={null}]]]>
              </value>
            </param>
          </params>
          <reporter-output>
          </reporter-output>
        </test-method> <!-- beforeMethod -->
        <test-method signature="loginVerificationRun(java.lang.String,java.lang.String)[pri:0, instance:com.orangeHRMTest.TC_loginTestUsingDataProvider@5553d0f5]" started-at="2026-08-01T14:35:56 IST" name="loginVerificationRun" data-provider="orangeHrmTestData" finished-at="2026-08-01T14:35:57 IST" duration-ms="715" status="PASS">
          <params>
            <param index="0">
              <value>
                <![CDATA[Admin]]>
              </value>
            </param>
            <param index="1">
              <value>
                <![CDATA[admin123]]>
              </value>
            </param>
          </params>
          <reporter-output>
          </reporter-output>
        </test-method> <!-- loginVerificationRun -->
        <test-method is-config="true" signature="afterMethod(java.lang.reflect.Method,org.testng.ITestResult)[pri:0, instance:com.orangeHRMTest.TC_loginTestUsingDataProvider@5553d0f5]" started-at="2026-08-01T14:35:57 IST" name="afterMethod" finished-at="2026-08-01T14:35:58 IST" duration-ms="1172" status="PASS">
          <params>
            <param index="0">
              <value>
                <![CDATA[public void com.orangeHRMTest.TC_loginTestUsingDataProvider.loginVerificationRun(java.lang.String,java.lang.String)]]>
              </value>
            </param>
            <param index="1">
              <value>
                <![CDATA[[TestResult name=loginVerificationRun status=SUCCESS method=TC_loginTestUsingDataProvider.loginVerificationRun(java.lang.String,java.lang.String)[pri:0, instance:com.orangeHRMTest.TC_loginTestUsingDataProvider@5553d0f5] output={null}]]]>
              </value>
            </param>
          </params>
          <reporter-output>
          </reporter-output>
        </test-method> <!-- afterMethod -->
        <test-method is-config="true" signature="afterClass()[pri:0, instance:com.orangeHRMTest.TC_loginTestUsingDataProvider@5553d0f5]" started-at="2026-08-01T14:35:58 IST" name="afterClass" finished-at="2026-08-01T14:35:58 IST" duration-ms="1" status="PASS">
          <reporter-output>
          </reporter-output>
        </test-method> <!-- afterClass -->
        <test-method is-config="true" signature="tearDownSuite()[pri:0, instance:com.orangeHRMTest.TC_loginTestUsingDataProvider@5553d0f5]" started-at="2026-08-01T14:36:13 IST" name="tearDownSuite" finished-at="2026-08-01T14:36:13 IST" duration-ms="166" status="PASS">
          <reporter-output>
          </reporter-output>
        </test-method> <!-- tearDownSuite -->
      </class> <!-- com.orangeHRMTest.TC_loginTestUsingDataProvider -->
      <class name="com.orangeHRMTest.TC_LoginPageExcelData">
        <test-method is-config="true" signature="beforeClass()[pri:0, instance:com.orangeHRMTest.TC_LoginPageExcelData@48a12036]" started-at="2026-08-01T14:35:58 IST" name="beforeClass" finished-at="2026-08-01T14:35:58 IST" duration-ms="0" status="PASS">
          <reporter-output>
          </reporter-output>
        </test-method> <!-- beforeClass -->
        <test-method is-config="true" signature="getObject()[pri:0, instance:com.orangeHRMTest.TC_LoginPageExcelData@48a12036]" started-at="2026-08-01T14:35:58 IST" name="getObject" finished-at="2026-08-01T14:35:58 IST" duration-ms="29" status="PASS">
          <reporter-output>
          </reporter-output>
        </test-method> <!-- getObject -->
        <test-method is-config="true" signature="beforeMethod(java.lang.reflect.Method,org.testng.ITestResult)[pri:0, instance:com.orangeHRMTest.TC_LoginPageExcelData@48a12036]" started-at="2026-08-01T14:35:58 IST" name="beforeMethod" finished-at="2026-08-01T14:36:03 IST" duration-ms="4600" status="PASS">
          <params>
            <param index="0">
              <value>
                <![CDATA[public void com.orangeHRMTest.TC_LoginPageExcelData.testLoginExcelTestData_check()]]>
              </value>
            </param>
            <param index="1">
              <value>
                <![CDATA[[TestResult name={null} status=CREATED method=TC_LoginPageExcelData.testLoginExcelTestData_check()[pri:0, instance:com.orangeHRMTest.TC_LoginPageExcelData@48a12036] output={null}]]]>
              </value>
            </param>
          </params>
          <reporter-output>
          </reporter-output>
        </test-method> <!-- beforeMethod -->
        <test-method signature="testLoginExcelTestData_check()[pri:0, instance:com.orangeHRMTest.TC_LoginPageExcelData@48a12036]" started-at="2026-08-01T14:36:03 IST" name="testLoginExcelTestData_check" finished-at="2026-08-01T14:36:04 IST" duration-ms="1088" status="PASS">
          <reporter-output>
          </reporter-output>
        </test-method> <!-- testLoginExcelTestData_check -->
        <test-method is-config="true" signature="afterMethod(java.lang.reflect.Method,org.testng.ITestResult)[pri:0, instance:com.orangeHRMTest.TC_LoginPageExcelData@48a12036]" started-at="2026-08-01T14:36:04 IST" name="afterMethod" finished-at="2026-08-01T14:36:05 IST" duration-ms="1158" status="PASS">
          <params>
            <param index="0">
              <value>
                <![CDATA[public void com.orangeHRMTest.TC_LoginPageExcelData.testLoginExcelTestData_check()]]>
              </value>
            </param>
            <param index="1">
              <value>
                <![CDATA[[TestResult name=testLoginExcelTestData_check status=SUCCESS method=TC_LoginPageExcelData.testLoginExcelTestData_check()[pri:0, instance:com.orangeHRMTest.TC_LoginPageExcelData@48a12036] output={null}]]]>
              </value>
            </param>
          </params>
          <reporter-output>
          </reporter-output>
        </test-method> <!-- afterMethod -->
        <test-method is-config="true" signature="getObject()[pri:0, instance:com.orangeHRMTest.TC_LoginPageExcelData@48a12036]" started-at="2026-08-01T14:36:05 IST" name="getObject" finished-at="2026-08-01T14:36:05 IST" duration-ms="38" status="PASS">
          <reporter-output>
          </reporter-output>
        </test-method> <!-- getObject -->
        <test-method is-config="true" signature="beforeMethod(java.lang.reflect.Method,org.testng.ITestResult)[pri:0, instance:com.orangeHRMTest.TC_LoginPageExcelData@48a12036]" started-at="2026-08-01T14:36:05 IST" name="beforeMethod" finished-at="2026-08-01T14:36:12 IST" duration-ms="6893" status="PASS">
          <params>
            <param index="0">
              <value>
                <![CDATA[public void com.orangeHRMTest.TC_LoginPageExcelData.testLoginWithDifferentUser_check()]]>
              </value>
            </param>
            <param index="1">
              <value>
                <![CDATA[[TestResult name={null} status=CREATED method=TC_LoginPageExcelData.testLoginWithDifferentUser_check()[pri:0, instance:com.orangeHRMTest.TC_LoginPageExcelData@48a12036] output={null}]]]>
              </value>
            </param>
          </params>
          <reporter-output>
          </reporter-output>
        </test-method> <!-- beforeMethod -->
        <test-method signature="testLoginWithDifferentUser_check()[pri:0, instance:com.orangeHRMTest.TC_LoginPageExcelData@48a12036]" started-at="2026-08-01T14:36:12 IST" name="testLoginWithDifferentUser_check" finished-at="2026-08-01T14:36:12 IST" duration-ms="14" status="FAIL">
          <exception class="java.lang.NullPointerException">
            <message>
              <![CDATA[Cannot invoke "org.apache.poi.xssf.usermodel.XSSFRow.getCell(int)" because the return value of "org.apache.poi.xssf.usermodel.XSSFSheet.getRow(int)" is null]]>
            </message>
            <full-stacktrace>
              <![CDATA[java.lang.NullPointerException: Cannot invoke "org.apache.poi.xssf.usermodel.XSSFRow.getCell(int)" because the return value of "org.apache.poi.xssf.usermodel.XSSFSheet.getRow(int)" is null
at OrangeHRM.Utility.Library.getExcelData(Library.java:128)
at OrangeHRM.ExcelDataProvider.excelTestData.<init>(excelTestData.java:12)
at com.orangeHRMTest.TC_LoginPageExcelData.testLoginWithDifferentUser_check(TC_LoginPageExcelData.java:22)
at java.base/jdk.internal.reflect.DirectMethodHandleAccessor.invoke(DirectMethodHandleAccessor.java:103)
at java.base/java.lang.reflect.Method.invoke(Method.java:580)
at org.testng.internal.invokers.MethodInvocationHelper.invokeMethod(MethodInvocationHelper.java:139)
at org.testng.internal.invokers.TestInvoker.invokeMethod(TestInvoker.java:677)
at org.testng.internal.invokers.TestInvoker.invokeTestMethod(TestInvoker.java:221)
at org.testng.internal.invokers.MethodRunner.runInSequence(MethodRunner.java:50)
at org.testng.internal.invokers.TestInvoker$MethodInvocationAgent.invoke(TestInvoker.java:962)
at org.testng.internal.invokers.TestInvoker.invokeTestMethods(TestInvoker.java:194)
at org.testng.internal.invokers.TestMethodWorker.invokeTestMethods(TestMethodWorker.java:148)
at org.testng.internal.invokers.TestMethodWorker.run(TestMethodWorker.java:128)
at java.base/java.util.ArrayList.forEach(ArrayList.java:1596)
at org.testng.TestRunner.privateRun(TestRunner.java:806)
at org.testng.TestRunner.run(TestRunner.java:601)
at org.testng.SuiteRunner.runTest(SuiteRunner.java:433)
at org.testng.SuiteRunner.runSequentially(SuiteRunner.java:427)
at org.testng.SuiteRunner.privateRun(SuiteRunner.java:387)
at org.testng.SuiteRunner.run(SuiteRunner.java:330)
at org.testng.SuiteRunnerWorker.runSuite(SuiteRunnerWorker.java:52)
at org.testng.SuiteRunnerWorker.run(SuiteRunnerWorker.java:95)
at org.testng.TestNG.runSuitesSequentially(TestNG.java:1256)
at org.testng.TestNG.runSuitesLocally(TestNG.java:1176)
at org.testng.TestNG.runSuites(TestNG.java:1099)
at org.testng.TestNG.run(TestNG.java:1067)
at org.testng.remote.AbstractRemoteTestNG.run(AbstractRemoteTestNG.java:115)
at org.testng.remote.RemoteTestNG.initAndRun(RemoteTestNG.java:251)
at org.testng.remote.RemoteTestNG.main(RemoteTestNG.java:77)
]]>
            </full-stacktrace>
          </exception> <!-- java.lang.NullPointerException -->
          <reporter-output>
          </reporter-output>
        </test-method> <!-- testLoginWithDifferentUser_check -->
        <test-method is-config="true" signature="afterMethod(java.lang.reflect.Method,org.testng.ITestResult)[pri:0, instance:com.orangeHRMTest.TC_LoginPageExcelData@48a12036]" started-at="2026-08-01T14:36:12 IST" name="afterMethod" finished-at="2026-08-01T14:36:13 IST" duration-ms="1267" status="PASS">
          <params>
            <param index="0">
              <value>
                <![CDATA[public void com.orangeHRMTest.TC_LoginPageExcelData.testLoginWithDifferentUser_check()]]>
              </value>
            </param>
            <param index="1">
              <value>
                <![CDATA[[TestResult name=testLoginWithDifferentUser_check status=FAILURE method=TC_LoginPageExcelData.testLoginWithDifferentUser_check()[pri:0, instance:com.orangeHRMTest.TC_LoginPageExcelData@48a12036] output={null}]]]>
              </value>
            </param>
          </params>
          <reporter-output>
          </reporter-output>
        </test-method> <!-- afterMethod -->
        <test-method is-config="true" signature="afterClass()[pri:0, instance:com.orangeHRMTest.TC_LoginPageExcelData@48a12036]" started-at="2026-08-01T14:36:13 IST" name="afterClass" finished-at="2026-08-01T14:36:13 IST" duration-ms="1" status="PASS">
          <reporter-output>
          </reporter-output>
        </test-method> <!-- afterClass -->
      </class> <!-- com.orangeHRMTest.TC_LoginPageExcelData -->
    </test> <!-- Test -->
  </suite> <!-- Suite -->
</testng-results>
