<?xml version="1.0" encoding="UTF-8"?>
<testng-results ignored="2" total="4" passed="2" failed="0" skipped="0">
  <reporter-output>
  </reporter-output>
  <suite started-at="2026-08-01T18:24:35 IST" name="Suite" finished-at="2026-08-01T18:24:59 IST" duration-ms="23695">
    <groups>
    </groups>
    <test started-at="2026-08-01T18:24:35 IST" name="Test" finished-at="2026-08-01T18:24:59 IST" duration-ms="23695">
      <class name="com.orangeHRMTest.TC_loginTestUsingDataProvider">
        <test-method is-config="true" signature="setupSuite()[pri:0, instance:com.orangeHRMTest.TC_loginTestUsingDataProvider@20b12f8a]" started-at="2026-08-01T18:24:35 IST" name="setupSuite" finished-at="2026-08-01T18:24:35 IST" duration-ms="124" status="PASS">
          <reporter-output>
          </reporter-output>
        </test-method> <!-- setupSuite -->
        <test-method is-config="true" signature="beforeClass()[pri:0, instance:com.orangeHRMTest.TC_loginTestUsingDataProvider@20b12f8a]" started-at="2026-08-01T18:24:35 IST" name="beforeClass" finished-at="2026-08-01T18:24:35 IST" duration-ms="0" status="PASS">
          <reporter-output>
          </reporter-output>
        </test-method> <!-- beforeClass -->
        <test-method is-config="true" signature="getObject()[pri:0, instance:com.orangeHRMTest.TC_loginTestUsingDataProvider@20b12f8a]" started-at="2026-08-01T18:24:36 IST" name="getObject" finished-at="2026-08-01T18:24:36 IST" duration-ms="47" status="PASS">
          <reporter-output>
          </reporter-output>
        </test-method> <!-- getObject -->
        <test-method is-config="true" signature="beforeMethod(java.lang.reflect.Method,org.testng.ITestResult)[pri:0, instance:com.orangeHRMTest.TC_loginTestUsingDataProvider@20b12f8a]" started-at="2026-08-01T18:24:36 IST" name="beforeMethod" finished-at="2026-08-01T18:24:46 IST" duration-ms="9994" status="PASS">
          <params>
            <param index="0">
              <value>
                <![CDATA[public void com.orangeHRMTest.TC_loginTestUsingDataProvider.loginVerificationRun(java.lang.String,java.lang.String)]]>
              </value>
            </param>
            <param index="1">
              <value>
                <![CDATA[[TestResult name={null} status=CREATED method=TC_loginTestUsingDataProvider.loginVerificationRun(java.lang.String,java.lang.String)[pri:0, instance:com.orangeHRMTest.TC_loginTestUsingDataProvider@20b12f8a] output={null}]]]>
              </value>
            </param>
          </params>
          <reporter-output>
          </reporter-output>
        </test-method> <!-- beforeMethod -->
        <test-method signature="loginVerificationRun(java.lang.String,java.lang.String)[pri:0, instance:com.orangeHRMTest.TC_loginTestUsingDataProvider@20b12f8a]" started-at="2026-08-01T18:24:46 IST" name="loginVerificationRun" data-provider="orangeHrmTestData" finished-at="2026-08-01T18:24:47 IST" duration-ms="1185" status="PASS">
          <params>
            <param index="0">
              <value>
                <![CDATA[Admin]]>
              </value>
            </param>
            <param index="1">
              <value>
                <![CDATA[admin123]]>
              </value>
            </param>
          </params>
          <reporter-output>
          </reporter-output>
        </test-method> <!-- loginVerificationRun -->
        <test-method is-config="true" signature="afterMethod(java.lang.reflect.Method,org.testng.ITestResult)[pri:0, instance:com.orangeHRMTest.TC_loginTestUsingDataProvider@20b12f8a]" started-at="2026-08-01T18:24:47 IST" name="afterMethod" finished-at="2026-08-01T18:24:48 IST" duration-ms="1164" status="PASS">
          <params>
            <param index="0">
              <value>
                <![CDATA[public void com.orangeHRMTest.TC_loginTestUsingDataProvider.loginVerificationRun(java.lang.String,java.lang.String)]]>
              </value>
            </param>
            <param index="1">
              <value>
                <![CDATA[[TestResult name=loginVerificationRun status=SUCCESS method=TC_loginTestUsingDataProvider.loginVerificationRun(java.lang.String,java.lang.String)[pri:0, instance:com.orangeHRMTest.TC_loginTestUsingDataProvider@20b12f8a] output={null}]]]>
              </value>
            </param>
          </params>
          <reporter-output>
          </reporter-output>
        </test-method> <!-- afterMethod -->
        <test-method is-config="true" signature="afterClass()[pri:0, instance:com.orangeHRMTest.TC_loginTestUsingDataProvider@20b12f8a]" started-at="2026-08-01T18:24:48 IST" name="afterClass" finished-at="2026-08-01T18:24:48 IST" duration-ms="1" status="PASS">
          <reporter-output>
          </reporter-output>
        </test-method> <!-- afterClass -->
        <test-method is-config="true" signature="tearDownSuite()[pri:0, instance:com.orangeHRMTest.TC_loginTestUsingDataProvider@20b12f8a]" started-at="2026-08-01T18:24:59 IST" name="tearDownSuite" finished-at="2026-08-01T18:24:59 IST" duration-ms="177" status="PASS">
          <reporter-output>
          </reporter-output>
        </test-method> <!-- tearDownSuite -->
      </class> <!-- com.orangeHRMTest.TC_loginTestUsingDataProvider -->
      <class name="com.orangeHRMTest.TC_LoginPageExcelData">
        <test-method is-config="true" signature="beforeClass()[pri:0, instance:com.orangeHRMTest.TC_LoginPageExcelData@4b9df8a]" started-at="2026-08-01T18:24:48 IST" name="beforeClass" finished-at="2026-08-01T18:24:48 IST" duration-ms="1" status="PASS">
          <reporter-output>
          </reporter-output>
        </test-method> <!-- beforeClass -->
        <test-method is-config="true" signature="getObject()[pri:0, instance:com.orangeHRMTest.TC_LoginPageExcelData@4b9df8a]" started-at="2026-08-01T18:24:48 IST" name="getObject" finished-at="2026-08-01T18:24:48 IST" duration-ms="30" status="PASS">
          <reporter-output>
          </reporter-output>
        </test-method> <!-- getObject -->
        <test-method is-config="true" signature="beforeMethod(java.lang.reflect.Method,org.testng.ITestResult)[pri:0, instance:com.orangeHRMTest.TC_LoginPageExcelData@4b9df8a]" started-at="2026-08-01T18:24:48 IST" name="beforeMethod" finished-at="2026-08-01T18:24:50 IST" duration-ms="1921" status="PASS">
          <params>
            <param index="0">
              <value>
                <![CDATA[public void com.orangeHRMTest.TC_LoginPageExcelData.testLoginExcelTestData_check()]]>
              </value>
            </param>
            <param index="1">
              <value>
                <![CDATA[[TestResult name={null} status=CREATED method=TC_LoginPageExcelData.testLoginExcelTestData_check()[pri:0, instance:com.orangeHRMTest.TC_LoginPageExcelData@4b9df8a] output={null}]]]>
              </value>
            </param>
          </params>
          <reporter-output>
          </reporter-output>
        </test-method> <!-- beforeMethod -->
        <test-method signature="testLoginExcelTestData_check()[pri:0, instance:com.orangeHRMTest.TC_LoginPageExcelData@4b9df8a]" started-at="2026-08-01T18:24:50 IST" name="testLoginExcelTestData_check" finished-at="2026-08-01T18:24:58 IST" duration-ms="7892" status="PASS">
          <reporter-output>
          </reporter-output>
        </test-method> <!-- testLoginExcelTestData_check -->
        <test-method is-config="true" signature="afterMethod(java.lang.reflect.Method,org.testng.ITestResult)[pri:0, instance:com.orangeHRMTest.TC_LoginPageExcelData@4b9df8a]" started-at="2026-08-01T18:24:58 IST" name="afterMethod" finished-at="2026-08-01T18:24:59 IST" duration-ms="1169" status="PASS">
          <params>
            <param index="0">
              <value>
                <![CDATA[public void com.orangeHRMTest.TC_LoginPageExcelData.testLoginExcelTestData_check()]]>
              </value>
            </param>
            <param index="1">
              <value>
                <![CDATA[[TestResult name=testLoginExcelTestData_check status=SUCCESS method=TC_LoginPageExcelData.testLoginExcelTestData_check()[pri:0, instance:com.orangeHRMTest.TC_LoginPageExcelData@4b9df8a] output={null}]]]>
              </value>
            </param>
          </params>
          <reporter-output>
          </reporter-output>
        </test-method> <!-- afterMethod -->
        <test-method is-config="true" signature="afterClass()[pri:0, instance:com.orangeHRMTest.TC_LoginPageExcelData@4b9df8a]" started-at="2026-08-01T18:24:59 IST" name="afterClass" finished-at="2026-08-01T18:24:59 IST" duration-ms="1" status="PASS">
          <reporter-output>
          </reporter-output>
        </test-method> <!-- afterClass -->
      </class> <!-- com.orangeHRMTest.TC_LoginPageExcelData -->
    </test> <!-- Test -->
  </suite> <!-- Suite -->
</testng-results>
